2026-03-12T05:06:00.346Z	Initializing build environment...
2026-03-12T05:06:02.209Z	Success: Finished initializing build environment
2026-03-12T05:06:02.944Z	Cloning repository...
2026-03-12T05:06:00.346Z	Initializing build environment...
2026-03-12T05:06:02.209Z	Success: Finished initializing build environment
2026-03-12T05:06:02.944Z	Cloning repository...
2026-03-12T05:06:03.917Z	Detected the following tools from environment: npm@10.9.2, nodejs@22.16.0
2026-03-12T05:06:03.919Z	Restoring from dependencies cache
2026-03-12T05:06:03.922Z	Restoring from build output cache
2026-03-12T05:06:04.026Z	Installing project dependencies: npm clean-install --progress=false
2026-03-12T05:06:07.097Z	npm error code ERESOLVE
2026-03-12T05:06:07.097Z	npm error ERESOLVE could not resolve
2026-03-12T05:06:07.097Z	npm error
2026-03-12T05:06:07.097Z	npm error While resolving: @opennextjs/cloudflare@1.17.1
2026-03-12T05:06:07.097Z	npm error Found: next@14.2.35
2026-03-12T05:06:07.097Z	npm error node_modules/next
2026-03-12T05:06:07.097Z	npm error   next@"^14.2.0" from the root project
2026-03-12T05:06:07.098Z	npm error
2026-03-12T05:06:07.098Z	npm error Could not resolve dependency:
2026-03-12T05:06:07.098Z	npm error peer next@"~15.0.8 || ~15.1.12 || ~15.2.9 || ~15.3.9 || ~15.4.11 || ~15.5.10 || ~16.0.11 || ^16.1.5" from @opennextjs/cloudflare@1.17.1
2026-03-12T05:06:07.098Z	npm error node_modules/@opennextjs/cloudflare
2026-03-12T05:06:07.098Z	npm error   @opennextjs/cloudflare@"^1.17.1" from the root project
2026-03-12T05:06:07.099Z	npm error
2026-03-12T05:06:07.099Z	npm error Conflicting peer dependency: next@16.1.6
2026-03-12T05:06:07.100Z	npm error node_modules/next
2026-03-12T05:06:07.101Z	npm error   peer next@"~15.0.8 || ~15.1.12 || ~15.2.9 || ~15.3.9 || ~15.4.11 || ~15.5.10 || ~16.0.11 || ^16.1.5" from @opennextjs/cloudflare@1.17.1
2026-03-12T05:06:07.101Z	npm error   node_modules/@opennextjs/cloudflare
2026-03-12T05:06:07.101Z	npm error     @opennextjs/cloudflare@"^1.17.1" from the root project
2026-03-12T05:06:07.101Z	npm error
2026-03-12T05:06:07.101Z	npm error Fix the upstream dependency conflict, or retry
2026-03-12T05:06:07.101Z	npm error this command with --force or --legacy-peer-deps
2026-03-12T05:06:07.101Z	npm error to accept an incorrect (and potentially broken) dependency resolution.
2026-03-12T05:06:07.101Z	npm error
2026-03-12T05:06:07.101Z	npm error
2026-03-12T05:06:07.102Z	npm error For a full report see:
2026-03-12T05:06:07.102Z	npm error /opt/buildhome/.npm/_logs/2026-03-12T05_06_04_535Z-eresolve-report.txt
2026-03-12T05:06:07.102Z	npm error A complete log of this run can be found in: /opt/buildhome/.npm/_logs/2026-03-12T05_06_04_535Z-debug-0.log
2026-03-12T05:06:07.157Z	Failed: error occurred while installing tools or dependencies